# JRE version: OpenJDK Runtime Environment (8.0_141-b15) (build 1.8.0_141-8u141-b15-3-b15)
# Java VM: OpenJDK 64-Bit Server VM (25.141-b15 mixed mode linux-amd64 compressed oops)
Heap:
 PSYoungGen      total 273920K, used 15867K [0x000000076cb00000, 0x0000000780000000, 0x00000007c0000000)
  eden space 258048K, 0% used [0x000000076cb00000,0x000000076cb00000,0x000000077c700000)
  from space 15872K, 99% used [0x000000077f080000,0x000000077fffef38,0x0000000780000000)
  to   space 10240K, 0% used [0x000000077c700000,0x000000077c700000,0x000000077d100000)
 ParOldGen       total 176640K, used 26382K [0x00000006c6000000, 0x00000006d0c80000, 0x000000076cb00000)
  object space 176640K, 14% used [0x00000006c6000000,0x00000006c79c3980,0x00000006d0c80000)
 Metaspace       used 47602K, capacity 48864K, committed 49024K, reserved 1091584K
  class space    used 6360K, capacity 6679K, committed 6784K, reserved 1048576K
GC Heap History (10 events):
Event: 1.529 GC heap after
Heap after GC invocations=3 (full 0):
 PSYoungGen      total 139264K, used 9207K [0x000000076cb00000, 0x000000077db00000, 0x00000007c0000000)
  eden space 129024K, 0% used [0x000000076cb00000,0x000000076cb00000,0x0000000774900000)
  from space 10240K, 89% used [0x0000000774900000,0x00000007751fdf50,0x0000000775300000)
  to   space 10240K, 0% used [0x000000077d100000,0x000000077d100000,0x000000077db00000)
 ParOldGen       total 171008K, used 1947K [0x00000006c6000000, 0x00000006d0700000, 0x000000076cb00000)
  object space 171008K, 1% used [0x00000006c6000000,0x00000006c61e6ed8,0x00000006d0700000)
 Metaspace       used 20907K, capacity 21132K, committed 21296K, reserved 1067008K
  class space    used 2810K, capacity 2901K, committed 2944K, reserved 1048576K
}
Event: 1.529 GC heap before
{Heap before GC invocations=4 (full 1):
 PSYoungGen      total 139264K, used 9207K [0x000000076cb00000, 0x000000077db00000, 0x00000007c0000000)
  eden space 129024K, 0% used [0x000000076cb00000,0x000000076cb00000,0x0000000774900000)
  from space 10240K, 89% used [0x0000000774900000,0x00000007751fdf50,0x0000000775300000)
  to   space 10240K, 0% used [0x000000077d100000,0x000000077d100000,0x000000077db00000)
 ParOldGen       total 171008K, used 1947K [0x00000006c6000000, 0x00000006d0700000, 0x000000076cb00000)
  object space 171008K, 1% used [0x00000006c6000000,0x00000006c61e6ed8,0x00000006d0700000)
 Metaspace       used 20907K, capacity 21132K, committed 21296K, reserved 1067008K
  class space    used 2810K, capacity 2901K, committed 2944K, reserved 1048576K
Event: 1.569 GC heap after
Heap after GC invocations=4 (full 1):
 PSYoungGen      total 139264K, used 0K [0x000000076cb00000, 0x000000077db00000, 0x00000007c0000000)
  eden space 129024K, 0% used [0x000000076cb00000,0x000000076cb00000,0x0000000774900000)
  from space 10240K, 0% used [0x0000000774900000,0x0000000774900000,0x0000000775300000)
  to   space 10240K, 0% used [0x000000077d100000,0x000000077d100000,0x000000077db00000)
 ParOldGen       total 107008K, used 8939K [0x00000006c6000000, 0x00000006cc880000, 0x000000076cb00000)
  object space 107008K, 8% used [0x00000006c6000000,0x00000006c68baec8,0x00000006cc880000)
 Metaspace       used 20907K, capacity 21132K, committed 21296K, reserved 1067008K
  class space    used 2810K, capacity 2901K, committed 2944K, reserved 1048576K
}
Event: 2.698 GC heap before
{Heap before GC invocations=5 (full 1):
 PSYoungGen      total 139264K, used 129024K [0x000000076cb00000, 0x000000077db00000, 0x00000007c0000000)
  eden space 129024K, 100% used [0x000000076cb00000,0x0000000774900000,0x0000000774900000)
  from space 10240K, 0% used [0x0000000774900000,0x0000000774900000,0x0000000775300000)
  to   space 10240K, 0% used [0x000000077d100000,0x000000077d100000,0x000000077db00000)
 ParOldGen       total 107008K, used 8939K [0x00000006c6000000, 0x00000006cc880000, 0x000000076cb00000)
  object space 107008K, 8% used [0x00000006c6000000,0x00000006c68baec8,0x00000006cc880000)
 Metaspace       used 30217K, capacity 30744K, committed 31232K, reserved 1077248K
  class space    used 4074K, capacity 4251K, committed 4352K, reserved 1048576K
Event: 2.707 GC heap after
Heap after GC invocations=5 (full 1):
 PSYoungGen      total 200704K, used 10214K [0x000000076cb00000, 0x000000077db00000, 0x00000007c0000000)
  eden space 190464K, 0% used [0x000000076cb00000,0x000000076cb00000,0x0000000778500000)
  from space 10240K, 99% used [0x000000077d100000,0x000000077daf9a48,0x000000077db00000)
  to   space 10240K, 0% used [0x000000077c700000,0x000000077c700000,0x000000077d100000)
 ParOldGen       total 107008K, used 10229K [0x00000006c6000000, 0x00000006cc880000, 0x000000076cb00000)
  object space 107008K, 9% used [0x00000006c6000000,0x00000006c69fd738,0x00000006cc880000)
 Metaspace       used 30217K, capacity 30744K, committed 31232K, reserved 1077248K
  class space    used 4074K, capacity 4251K, committed 4352K, reserved 1048576K
}
Event: 3.265 GC heap before
{Heap before GC invocations=6 (full 1):
 PSYoungGen      total 200704K, used 117221K [0x000000076cb00000, 0x000000077db00000, 0x00000007c0000000)
  eden space 190464K, 56% used [0x000000076cb00000,0x000000077337fc18,0x0000000778500000)
  from space 10240K, 99% used [0x000000077d100000,0x000000077daf9a48,0x000000077db00000)
  to   space 10240K, 0% used [0x000000077c700000,0x000000077c700000,0x000000077d100000)
 ParOldGen       total 107008K, used 10229K [0x00000006c6000000, 0x00000006cc880000, 0x000000076cb00000)
  object space 107008K, 9% used [0x00000006c6000000,0x00000006c69fd738,0x00000006cc880000)
 Metaspace       used 34684K, capacity 35282K, committed 35496K, reserved 1079296K
  class space    used 4646K, capacity 4862K, committed 4864K, reserved 1048576K
Event: 3.283 GC heap after
Heap after GC invocations=6 (full 1):
 PSYoungGen      total 268288K, used 10226K [0x000000076cb00000, 0x0000000780000000, 0x00000007c0000000)
  eden space 258048K, 0% used [0x000000076cb00000,0x000000076cb00000,0x000000077c700000)
  from space 10240K, 99% used [0x000000077c700000,0x000000077d0fcaa8,0x000000077d100000)
  to   space 15872K, 0% used [0x000000077f080000,0x000000077f080000,0x0000000780000000)
 ParOldGen       total 107008K, used 14970K [0x00000006c6000000, 0x00000006cc880000, 0x000000076cb00000)
  object space 107008K, 13% used [0x00000006c6000000,0x00000006c6e9e8f0,0x00000006cc880000)
 Metaspace       used 34684K, capacity 35282K, committed 35496K, reserved 1079296K
  class space    used 4646K, capacity 4862K, committed 4864K, reserved 1048576K
}
Event: 3.283 GC heap before
{Heap before GC invocations=7 (full 2):
 PSYoungGen      total 268288K, used 10226K [0x000000076cb00000, 0x0000000780000000, 0x00000007c0000000)
  eden space 258048K, 0% used [0x000000076cb00000,0x000000076cb00000,0x000000077c700000)
  from space 10240K, 99% used [0x000000077c700000,0x000000077d0fcaa8,0x000000077d100000)
  to   space 15872K, 0% used [0x000000077f080000,0x000000077f080000,0x0000000780000000)
 ParOldGen       total 107008K, used 14970K [0x00000006c6000000, 0x00000006cc880000, 0x000000076cb00000)
  object space 107008K, 13% used [0x00000006c6000000,0x00000006c6e9e8f0,0x00000006cc880000)
 Metaspace       used 34684K, capacity 35282K, committed 35496K, reserved 1079296K
  class space    used 4646K, capacity 4862K, committed 4864K, reserved 1048576K
Event: 3.349 GC heap after
Heap after GC invocations=7 (full 2):
 PSYoungGen      total 268288K, used 0K [0x000000076cb00000, 0x0000000780000000, 0x00000007c0000000)
  eden space 258048K, 0% used [0x000000076cb00000,0x000000076cb00000,0x000000077c700000)
  from space 10240K, 0% used [0x000000077c700000,0x000000077c700000,0x000000077d100000)
  to   space 15872K, 0% used [0x000000077f080000,0x000000077f080000,0x0000000780000000)
 ParOldGen       total 176640K, used 22214K [0x00000006c6000000, 0x00000006d0c80000, 0x000000076cb00000)
  object space 176640K, 12% used [0x00000006c6000000,0x00000006c75b19b0,0x00000006d0c80000)
 Metaspace       used 34684K, capacity 35282K, committed 35496K, reserved 1079296K
  class space    used 4646K, capacity 4862K, committed 4864K, reserved 1048576K
}
Event: 5.308 GC heap before
{Heap before GC invocations=8 (full 2):
 PSYoungGen      total 268288K, used 258048K [0x000000076cb00000, 0x0000000780000000, 0x00000007c0000000)
  eden space 258048K, 100% used [0x000000076cb00000,0x000000077c700000,0x000000077c700000)
  from space 10240K, 0% used [0x000000077c700000,0x000000077c700000,0x000000077d100000)
  to   space 15872K, 0% used [0x000000077f080000,0x000000077f080000,0x0000000780000000)
 ParOldGen       total 176640K, used 22214K [0x00000006c6000000, 0x00000006d0c80000, 0x000000076cb00000)
  object space 176640K, 12% used [0x00000006c6000000,0x00000006c75b19b0,0x00000006d0c80000)
 Metaspace       used 47602K, capacity 48864K, committed 49024K, reserved 1091584K
  class space    used 6360K, capacity 6679K, committed 6784K, reserved 1048576K

